#
# A fatal error has been detected by the Java Runtime Environment:
#
#  Internal Error (javaClasses.cpp:136), pid=8728, tid=7924
#  fatal error: Invalid layout of preloaded class
#
# JRE version:  (7.0_51-b13) (build )
# Java VM: Java HotSpot(TM) Client VM (24.51-b03 mixed mode windows-x86 )
# Failed to write core dump. Minidumps are not enabled by default on client versions of Windows
#
# If you would like to submit a bug report, please visit:
#   http://bugreport.sun.com/bugreport/crash.jsp
#

---------------  T H R E A D  ---------------

Current thread (0x0126c800):  JavaThread "Unknown thread" [_thread_in_vm, id=7924, stack(0x012c0000,0x01310000)]

Stack: [0x012c0000,0x01310000],  sp=0x0130fae4,  free space=318k
Native frames: (J=compiled Java code, j=interpreted, Vv=VM code, C=native code)
V  [jvm.dll+0x18e0f1]
V  [jvm.dll+0x187e66]
V  [jvm.dll+0x3586a]
V  [jvm.dll+0x358f6]
V  [jvm.dll+0x4400d]
V  [jvm.dll+0x442be]
V  [jvm.dll+0x9263a]
V  [jvm.dll+0x929eb]
V  [jvm.dll+0x13dc51]
V  [jvm.dll+0x16076c]
V  [jvm.dll+0xc8ebf]
C  [javaw.exe+0x13ce]
C  [javaw.exe+0x1e40]
C  [javaw.exe+0xa5b1]
C  [javaw.exe+0xa63b]
C  [kernel32.dll+0x51154]
C  [ntdll.dll+0x5b299]
C  [ntdll.dll+0x5b26c]


---------------  P R O C E S S  ---------------

Java Threads: ( => current thread )

Other Threads:

=>0x0126c800 (exited) JavaThread "Unknown thread" [_thread_in_vm, id=7924, stack(0x012c0000,0x01310000)]

VM state:not at safepoint (not fully initialized)

VM Mutex/Monitor currently owned by a thread: None

GC Heap History (0 events):
No events

Deoptimization events (0 events):
No events

Internal exceptions (0 events):
No events

Events (10 events):
Event: 2.584 loading class 0x011491f0 done
Event: 2.584 loading class 0x01148c80 done
Event: 2.584 loading class 0x01148c60
Event: 2.584 loading class 0x0114ff88
Event: 2.623 loading class 0x0114ff88 done
Event: 2.623 loading class 0x0114ffb8
Event: 2.645 loading class 0x0114ffb8 done
Event: 2.645 loading class 0x0114ffe8
Event: 2.646 loading class 0x0114ffe8 done
Event: 2.647 loading class 0x01148c60 done


Dynamic libraries:
0x01320000 - 0x0134f000 	C:\Program Files\Java\jre7\bin\javaw.exe
0x77b00000 - 0x77c3c000 	C:\Windows\SYSTEM32\ntdll.dll
0x760f0000 - 0x761c4000 	C:\Windows\system32\kernel32.dll
0x75cd0000 - 0x75d1b000 	C:\Windows\system32\KERNELBASE.dll
0x77310000 - 0x773b0000 	C:\Windows\system32\ADVAPI32.dll
0x77190000 - 0x7723c000 	C:\Windows\system32\msvcrt.dll
0x76350000 - 0x76369000 	C:\Windows\SYSTEM32\sechost.dll
0x778b0000 - 0x77951000 	C:\Windows\system32\RPCRT4.dll
0x77240000 - 0x77309000 	C:\Windows\system32\USER32.dll
0x774c0000 - 0x7750e000 	C:\Windows\system32\GDI32.dll
0x760e0000 - 0x760ea000 	C:\Windows\system32\LPK.dll
0x76040000 - 0x760dd000 	C:\Windows\system32\USP10.dll
0x749f0000 - 0x74b8e000 	C:\Windows\WinSxS\x86_microsoft.windows.common-controls_6595b64144ccf1df_6.0.7600.16661_none_420fe3fa2b8113bd\COMCTL32.dll
0x75f50000 - 0x75fa7000 	C:\Windows\system32\SHLWAPI.dll
0x77410000 - 0x7742f000 	C:\Windows\system32\IMM32.DLL
0x77c60000 - 0x77d2c000 	C:\Windows\system32\MSCTF.dll
0x58a50000 - 0x58b0f000 	C:\Program Files\Java\jre7\bin\msvcr100.dll
0x6a540000 - 0x6a8c0000 	C:\Program Files\Java\jre7\bin\client\jvm.dll
0x6fb10000 - 0x6fb17000 	C:\Windows\system32\WSOCK32.dll
0x77960000 - 0x77995000 	C:\Windows\system32\WS2_32.dll
0x77c50000 - 0x77c56000 	C:\Windows\system32\NSI.dll
0x74310000 - 0x74342000 	C:\Windows\system32\WINMM.dll
0x773b0000 - 0x773b5000 	C:\Windows\system32\PSAPI.DLL
0x6fb00000 - 0x6fb0c000 	C:\Program Files\Java\jre7\bin\verify.dll
0x6b6e0000 - 0x6b700000 	C:\Program Files\Java\jre7\bin\java.dll
0x6a460000 - 0x6a473000 	C:\Program Files\Java\jre7\bin\zip.dll
0x71490000 - 0x7157b000 	C:\Windows\system32\dbghelp.dll

VM Arguments:
jvm_args: -Dfile.encoding=UTF-8 -Xbootclasspath:E:\android-sdk-windows\platforms\android-18\android.jar 
java_command: com.school.net.SignatureUtil
Launcher Type: SUN_STANDARD

Environment Variables:
JAVA_HOME=C:\Program Files\Java\jdk1.6.0_10
CLASSPATH=.;C:\Program Files\Java\jdk1.6.0_10/lib/dt.jar;C:\Program Files\Java\jdk1.6.0_10/lib/tools.jar;D:\Program Files\Java\Tomcat 5.0/common/lib/servlet-api.jar;D:\Program Files\Java\jdk1.6.0_10\lib\tools.jar;D:\Program Files\Java\jdk1.6.0_10\lib\dt.jar;
PATH=C:/Program Files/Java/jre7/bin/client;C:/Program Files/Java/jre7/bin;C:/Program Files/Java/jre7/lib/i386;C:\Windows\system32;C:\Windows;C:\Windows\System32\Wbem;C:\Windows\System32\WindowsPowerShell\v1.0\;C:\Program Files\ATI Technologies\ATI.ACE\Core-Static;C:\Program Files\Common Files\Thunder Network\KanKan\Codecs;D:\Program Files\TortoiseSVN\bin;e:\Program Files\T58KTV\9158VirtualCamera\Package\bpl;e:\Program Files\T58KTV\9158VirtualCamera\bin;e:\Program Files\GTK2-Runtime\bin;C:\Program Files\MySQL\MySQL Server 5.5\bin;E:\android-sdk-windows\platform-tools;C:\Program Files\TortoiseGit\bin;D:\cygwin\bin;C:\Program Files\Java\jdk1.6.0_10\bin;E:\android-sdk-windows\platform-tools;D:\eclipse;
USERNAME=chenyl
OS=Windows_NT
PROCESSOR_IDENTIFIER=x86 Family 6 Model 37 Stepping 5, GenuineIntel



---------------  S Y S T E M  ---------------

OS: Windows 7 Build 7600 

CPU:total 4 (2 cores per cpu, 2 threads per core) family 6 model 37 stepping 5, cmov, cx8, fxsr, mmx, sse, sse2, sse3, ssse3, sse4.1, sse4.2, popcnt, ht, tsc, tscinvbit

Memory: 4k page, physical 2022208k(154536k free), swap 4044416k(801088k free)

vm_info: Java HotSpot(TM) Client VM (24.51-b03) for windows-x86 JRE (1.7.0_51-b13), built on Dec 18 2013 19:09:58 by "java_re" with unknown MS VC++:1600

time: Mon Aug 18 19:16:58 2014
elapsed time: 3 seconds

